<?xml version="1.0" encoding="UTF-8"?>
<!-- Generated by org.testng.reporters.JUnitXMLReporter -->
<testsuite ignored="6" hostname="S-ELMOSALAMY" failures="0" tests="1" name="Default test" time="23.101" errors="0" timestamp="2023-04-30T14:57:25 EET">
  <testcase classname="testcases.kuwaitTestCases" name="kuwait_Currency_assertion" time="1.149"/>
  <testcase classname="testcases.kuwaitTestCases" name="kuwait_mainPackagePrice_assertion" time="0.0">
    <ignored/>
  </testcase> <!-- kuwait_mainPackagePrice_assertion -->
  <testcase classname="testcases.kuwaitTestCases" name="kuwait_premiumPackagePrice_assertion" time="0.0">
    <ignored/>
  </testcase> <!-- kuwait_premiumPackagePrice_assertion -->
  <testcase classname="testcases.kuwaitTestCases" name="kuwait_premiumPackageType_assertion" time="0.0">
    <ignored/>
  </testcase> <!-- kuwait_premiumPackageType_assertion -->
  <testcase classname="testcases.kuwaitTestCases" name="kuwait_mainPackageType_assertion" time="0.0">
    <ignored/>
  </testcase> <!-- kuwait_mainPackageType_assertion -->
  <testcase classname="testcases.kuwaitTestCases" name="kuwait_litePackagePrice_assertion" time="0.0">
    <ignored/>
  </testcase> <!-- kuwait_litePackagePrice_assertion -->
  <testcase classname="testcases.kuwaitTestCases" name="kuwait_litePackageType_assertion" time="0.0">
    <ignored/>
  </testcase> <!-- kuwait_litePackageType_assertion -->
</testsuite> <!-- Default test -->
