<?xml version="1.0" encoding="UTF-8"?>
<testng-results ignored="6" total="7" passed="1" failed="0" skipped="0">
  <reporter-output>
  </reporter-output>
  <suite started-at="2023-04-30T14:57:02 EET" name="Default suite" finished-at="2023-04-30T14:57:25 EET" duration-ms="23101">
    <groups>
    </groups>
    <test started-at="2023-04-30T14:57:02 EET" name="Default test" finished-at="2023-04-30T14:57:25 EET" duration-ms="23101">
      <class name="testcases.kuwaitTestCases">
        <test-method is-config="true" signature="initDriver()[pri:0, instance:testcases.kuwaitTestCases@156b88f5]" started-at="2023-04-30T14:57:02 EET" name="initDriver" finished-at="2023-04-30T14:57:23 EET" duration-ms="21647" status="PASS">
          <reporter-output>
          </reporter-output>
        </test-method> <!-- initDriver -->
        <test-method signature="kuwait_Currency_assertion()[pri:0, instance:testcases.kuwaitTestCases@156b88f5]" started-at="2023-04-30T14:57:23 EET" name="kuwait_Currency_assertion" finished-at="2023-04-30T14:57:25 EET" duration-ms="1149" status="PASS">
          <reporter-output>
          </reporter-output>
        </test-method> <!-- kuwait_Currency_assertion -->
        <test-method is-config="true" signature="tearDown()[pri:0, instance:testcases.kuwaitTestCases@156b88f5]" started-at="2023-04-30T14:57:25 EET" name="tearDown" finished-at="2023-04-30T14:57:25 EET" duration-ms="277" status="PASS">
          <reporter-output>
          </reporter-output>
        </test-method> <!-- tearDown -->
      </class> <!-- testcases.kuwaitTestCases -->
    </test> <!-- Default test -->
  </suite> <!-- Default suite -->
</testng-results>
